--- Starting bitbake server pid 232 at 2018-03-21 20:51:49.706090 ---
Started bitbake server pid 232
DEBUG: Found bblayers.conf (/yocto/poky/build/conf/bblayers.conf)
DEBUG: Adding layer /yocto/poky/meta
DEBUG: Adding layer /yocto/poky/meta-poky
DEBUG: Adding layer /yocto/poky/meta-yocto-bsp
DEBUG: CONF /yocto/poky/meta/conf/bitbake.conf:740: including conf/abi_version.conf
DEBUG: CONF /yocto/poky/meta/conf/bitbake.conf:741: including conf/site.conf
DEBUG: CONF file 'conf/site.conf' not found
DEBUG: CONF /yocto/poky/meta/conf/bitbake.conf:742: including conf/auto.conf
DEBUG: CONF file 'conf/auto.conf' not found
DEBUG: CONF /yocto/poky/meta/conf/bitbake.conf:743: including conf/local.conf
DEBUG: CONF /yocto/poky/meta/conf/bitbake.conf:744: including conf/multiconfig/default.conf
DEBUG: CONF /yocto/poky/meta/conf/bitbake.conf:745: including conf/machine/qemux86.conf
DEBUG: CONF /yocto/poky/meta/conf/machine/qemux86.conf:10: including conf/machine/include/qemu.inc
DEBUG: CONF /yocto/poky/meta/conf/machine/qemux86.conf:11: including conf/machine/include/tune-i586.inc
DEBUG: CONF /yocto/poky/meta/conf/machine/include/tune-i586.inc:3: including conf/machine/include/x86/arch-x86.inc
DEBUG: CONF /yocto/poky/meta/conf/machine/qemux86.conf:12: including conf/machine/include/qemuboot-x86.inc
DEBUG: CONF /yocto/poky/meta/conf/bitbake.conf:746: including conf/machine-sdk/x86_64.conf
DEBUG: CONF /yocto/poky/meta/conf/bitbake.conf:747: including conf/distro/poky.conf
DEBUG: CONF /yocto/poky/meta-poky/conf/distro/poky.conf:101: including conf/distro/include/poky-world-exclude.inc
DEBUG: CONF /yocto/poky/meta-poky/conf/distro/poky.conf:102: including conf/distro/include/no-static-libs.inc
DEBUG: CONF /yocto/poky/meta-poky/conf/distro/poky.conf:103: including conf/distro/include/yocto-uninative.inc
DEBUG: CONF /yocto/poky/meta/conf/bitbake.conf:748: including conf/distro/defaultsetup.conf
DEBUG: CONF /yocto/poky/meta/conf/distro/defaultsetup.conf:1: including conf/distro/include/default-providers.inc
DEBUG: CONF /yocto/poky/meta/conf/distro/defaultsetup.conf:2: including conf/distro/include/default-versions.inc
DEBUG: CONF /yocto/poky/meta/conf/distro/defaultsetup.conf:3: including conf/distro/include/default-distrovars.inc
DEBUG: CONF /yocto/poky/meta/conf/distro/defaultsetup.conf:4: including conf/distro/include/world-broken.inc
DEBUG: CONF /yocto/poky/meta/conf/distro/defaultsetup.conf:7: including conf/distro/include/tcmode-default.inc
DEBUG: CONF /yocto/poky/meta/conf/distro/include/tcmode-default.inc:71: including conf/distro/include/as-needed.inc
DEBUG: CONF /yocto/poky/meta/conf/distro/defaultsetup.conf:10: including conf/distro/include/tclibc-glibc.inc
DEBUG: CONF /yocto/poky/meta/conf/distro/defaultsetup.conf:12: including conf/distro/include/uninative-flags.inc
DEBUG: CONF /yocto/poky/meta/conf/bitbake.conf:749: including conf/documentation.conf
DEBUG: CONF /yocto/poky/meta/conf/bitbake.conf:750: including conf/licenses.conf
DEBUG: CONF /yocto/poky/meta/conf/bitbake.conf:751: including conf/sanity.conf
DEBUG: Inheriting /yocto/poky/meta/classes/base.bbclass (from configuration INHERITs:0)
DEBUG: Inheriting /yocto/poky/meta/classes/patch.bbclass (from /yocto/poky/meta/classes/base.bbclass:4)
DEBUG: Inheriting /yocto/poky/meta/classes/terminal.bbclass (from /yocto/poky/meta/classes/patch.bbclass:11)
Entering server connection loop
DEBUG: Inheriting /yocto/poky/meta/classes/staging.bbclass (from /yocto/poky/meta/classes/base.bbclass:5)
DEBUG: Inheriting /yocto/poky/meta/classes/mirrors.bbclass (from /yocto/poky/meta/classes/base.bbclass:7)
DEBUG: Inheriting /yocto/poky/meta/classes/utils.bbclass (from /yocto/poky/meta/classes/base.bbclass:8)
DEBUG: Inheriting /yocto/poky/meta/classes/utility-tasks.bbclass (from /yocto/poky/meta/classes/base.bbclass:9)
DEBUG: Inheriting /yocto/poky/meta/classes/metadata_scm.bbclass (from /yocto/poky/meta/classes/base.bbclass:10)
DEBUG: Inheriting /yocto/poky/meta/classes/logging.bbclass (from /yocto/poky/meta/classes/base.bbclass:11)
DEBUG: Inheriting /yocto/poky/meta-poky/classes/poky-sanity.bbclass (from configuration INHERITs:0)
DEBUG: Inheriting /yocto/poky/meta/classes/uninative.bbclass (from configuration INHERITs:0)
DEBUG: Inheriting /yocto/poky/meta/classes/package_rpm.bbclass (from configuration INHERITs:0)
DEBUG: Inheriting /yocto/poky/meta/classes/package.bbclass (from /yocto/poky/meta/classes/package_rpm.bbclass:1)
DEBUG: Inheriting /yocto/poky/meta/classes/packagedata.bbclass (from /yocto/poky/meta/classes/package.bbclass:41)
DEBUG: Inheriting /yocto/poky/meta/classes/chrpath.bbclass (from /yocto/poky/meta/classes/package.bbclass:42)
DEBUG: Inheriting /yocto/poky/meta/classes/insane.bbclass (from /yocto/poky/meta/classes/package.bbclass:45)
DEBUG: Inheriting /yocto/poky/meta/classes/buildstats.bbclass (from configuration INHERITs:0)
DEBUG: Inheriting /yocto/poky/meta/classes/image-mklibs.bbclass (from configuration INHERITs:0)
DEBUG: Inheriting /yocto/poky/meta/classes/linuxloader.bbclass (from /yocto/poky/meta/classes/image-mklibs.bbclass:5)
DEBUG: Inheriting /yocto/poky/meta/classes/image-prelink.bbclass (from configuration INHERITs:0)
DEBUG: Inheriting /yocto/poky/meta/classes/debian.bbclass (from configuration INHERITs:0)
DEBUG: Inheriting /yocto/poky/meta/classes/devshell.bbclass (from configuration INHERITs:0)
DEBUG: Inheriting /yocto/poky/meta/classes/sstate.bbclass (from configuration INHERITs:0)
DEBUG: Inheriting /yocto/poky/meta/classes/license.bbclass (from configuration INHERITs:0)
DEBUG: Inheriting /yocto/poky/meta/classes/remove-libtool.bbclass (from configuration INHERITs:0)
DEBUG: Inheriting /yocto/poky/meta/classes/blacklist.bbclass (from configuration INHERITs:0)
DEBUG: Clearing SRCREV cache due to cache policy of: clear
DEBUG: Using cache in '/yocto/poky/build/cache/local_file_checksum_cache.dat'
DEBUG: Using cache in '/yocto/poky/build/cache/bb_codeparser.dat'
DEBUG: Enabling uninative
Accepting [<socket.socket fd=8, family=AddressFamily.AF_UNIX, type=SocketKind.SOCK_STREAM, proto=0, laddr=bitbake.sock>]
Connecting Client
Running command ['setFeatures', [2]]
Running command ['updateConfig', {'debug': 0, 'prefile': [], 'extra_assume_provided': [], 'invalidate_stamp': None, 'verbose': False, 'debug_domains': [], 'dump_signatures': [], 'dry_run': False, 'postfile': [], 'server_timeout': None, 'abort': False, 'profile': False, 'force': False}, {'_': '/yocto/poky/bitbake/bin/bitbake', 'BUILDDIR': '/yocto/poky/build', 'LC_ALL': 'en_US.UTF-8', 'LESSOPEN': '| /usr/bin/lesspipe %s', 'HOME': '/root', 'BBPATH': '/yocto/poky/build', 'BB_ENV_EXTRAWHITE': 'ALL_PROXY BBPATH_EXTRA BB_NO_NETWORK BB_NUMBER_THREADS BB_SETSCENE_ENFORCE BB_SRCREV_POLICY DISTRO FTPS_PROXY FTP_PROXY GIT_PROXY_COMMAND HTTPS_PROXY HTTP_PROXY MACHINE NO_PROXY PARALLEL_MAKE SCREENDIR SDKMACHINE SOCKS5_PASSWD SOCKS5_USER SSH_AGENT_PID SSH_AUTH_SOCK STAMPS_DIR TCLIBC TCMODE all_proxy ftp_proxy ftps_proxy http_proxy https_proxy no_proxy ', 'PATH': '/yocto/poky/scripts:/yocto/poky/bitbake/bin:/usr/local/sbin:/usr/local/bin:/usr/sbin:/usr/bin:/sbin:/bin', 'TERM': 'xterm', 'HOSTNAME': '2fa9e86b25f1', 'LESSCLOSE': '/usr/bin/lesspipe %s %s', 'LANGUAGE': 'en_US.UTF-8', 'LS_COLORS': 'rs=0:di=01;34:ln=01;36:mh=00:pi=40;33:so=01;35:do=01;35:bd=40;33;01:cd=40;33;01:or=40;31;01:su=37;41:sg=30;43:ca=30;41:tw=30;42:ow=34;42:st=37;44:ex=01;32:*.tar=01;31:*.tgz=01;31:*.arj=01;31:*.taz=01;31:*.lzh=01;31:*.lzma=01;31:*.tlz=01;31:*.txz=01;31:*.zip=01;31:*.z=01;31:*.Z=01;31:*.dz=01;31:*.gz=01;31:*.lz=01;31:*.xz=01;31:*.bz2=01;31:*.bz=01;31:*.tbz=01;31:*.tbz2=01;31:*.tz=01;31:*.deb=01;31:*.rpm=01;31:*.jar=01;31:*.war=01;31:*.ear=01;31:*.sar=01;31:*.rar=01;31:*.ace=01;31:*.zoo=01;31:*.cpio=01;31:*.7z=01;31:*.rz=01;31:*.jpg=01;35:*.jpeg=01;35:*.gif=01;35:*.bmp=01;35:*.pbm=01;35:*.pgm=01;35:*.ppm=01;35:*.tga=01;35:*.xbm=01;35:*.xpm=01;35:*.tif=01;35:*.tiff=01;35:*.png=01;35:*.svg=01;35:*.svgz=01;35:*.mng=01;35:*.pcx=01;35:*.mov=01;35:*.mpg=01;35:*.mpeg=01;35:*.m2v=01;35:*.mkv=01;35:*.webm=01;35:*.ogm=01;35:*.mp4=01;35:*.m4v=01;35:*.mp4v=01;35:*.vob=01;35:*.qt=01;35:*.nuv=01;35:*.wmv=01;35:*.asf=01;35:*.rm=01;35:*.rmvb=01;35:*.flc=01;35:*.avi=01;35:*.fli=01;35:*.flv=01;35:*.gl=01;35:*.dl=01;35:*.xcf=01;35:*.xwd=01;35:*.yuv=01;35:*.cgm=01;35:*.emf=01;35:*.axv=01;35:*.anx=01;35:*.ogv=01;35:*.ogx=01;35:*.aac=00;36:*.au=00;36:*.flac=00;36:*.mid=00;36:*.midi=00;36:*.mka=00;36:*.mp3=00;36:*.mpc=00;36:*.ogg=00;36:*.ra=00;36:*.wav=00;36:*.axa=00;36:*.oga=00;36:*.spx=00;36:*.xspf=00;36:', 'SHLVL': '2', 'LANG': 'en_US.UTF-8', 'PWD': '/yocto'}, ['/yocto/poky/bitbake/bin/bitbake', '-k', 'core-image-minimal']]
Running command ['getVariable', 'BBINCLUDELOGS']
Running command ['getVariable', 'BBINCLUDELOGS_LINES']
Running command ['getSetVariable', 'BB_CONSOLELOG']
Running command ['getUIHandlerNum']
Running command ['setEventMask', 1, 20, {}, ['bb.runqueue.runQueueExitWait', 'bb.event.LogExecTTY', 'logging.LogRecord', 'bb.build.TaskFailed', 'bb.build.TaskBase', 'bb.event.ParseStarted', 'bb.event.ParseProgress', 'bb.event.ParseCompleted', 'bb.event.CacheLoadStarted', 'bb.event.CacheLoadProgress', 'bb.event.CacheLoadCompleted', 'bb.command.CommandFailed', 'bb.command.CommandExit', 'bb.command.CommandCompleted', 'bb.cooker.CookerExit', 'bb.event.MultipleProviders', 'bb.event.NoProvider', 'bb.runqueue.sceneQueueTaskStarted', 'bb.runqueue.runQueueTaskStarted', 'bb.runqueue.runQueueTaskFailed', 'bb.runqueue.sceneQueueTaskFailed', 'bb.event.BuildBase', 'bb.build.TaskStarted', 'bb.build.TaskSucceeded', 'bb.build.TaskFailedSilent', 'bb.build.TaskProgress', 'bb.event.ProcessStarted', 'bb.event.ProcessProgress', 'bb.event.ProcessFinished']]
Running command ['getVariable', 'BB_DEFAULT_TASK']
Running command ['setConfig', 'cmd', 'build']
Running command ['buildTargets', ['core-image-minimal'], 'build']
Running command ['stateShutdown']
Connecting Client
Disconnecting Client
No timeout, exiting.
Exiting
--- Starting bitbake server pid 272 at 2018-03-21 20:52:27.254192 ---
Started bitbake server pid 272
DEBUG: Found bblayers.conf (/yocto/poky/build/conf/bblayers.conf)
DEBUG: Adding layer /yocto/poky/meta
DEBUG: Adding layer /yocto/poky/meta-poky
DEBUG: Adding layer /yocto/poky/meta-yocto-bsp
DEBUG: CONF /yocto/poky/meta/conf/bitbake.conf:740: including conf/abi_version.conf
DEBUG: CONF /yocto/poky/meta/conf/bitbake.conf:741: including conf/site.conf
DEBUG: CONF file 'conf/site.conf' not found
DEBUG: CONF /yocto/poky/meta/conf/bitbake.conf:742: including conf/auto.conf
DEBUG: CONF file 'conf/auto.conf' not found
DEBUG: CONF /yocto/poky/meta/conf/bitbake.conf:743: including conf/local.conf
DEBUG: CONF /yocto/poky/meta/conf/bitbake.conf:744: including conf/multiconfig/default.conf
DEBUG: CONF /yocto/poky/meta/conf/bitbake.conf:745: including conf/machine/qemux86.conf
DEBUG: CONF /yocto/poky/meta/conf/machine/qemux86.conf:10: including conf/machine/include/qemu.inc
DEBUG: CONF /yocto/poky/meta/conf/machine/qemux86.conf:11: including conf/machine/include/tune-i586.inc
DEBUG: CONF /yocto/poky/meta/conf/machine/include/tune-i586.inc:3: including conf/machine/include/x86/arch-x86.inc
DEBUG: CONF /yocto/poky/meta/conf/machine/qemux86.conf:12: including conf/machine/include/qemuboot-x86.inc
DEBUG: CONF /yocto/poky/meta/conf/bitbake.conf:746: including conf/machine-sdk/x86_64.conf
DEBUG: CONF /yocto/poky/meta/conf/bitbake.conf:747: including conf/distro/poky.conf
DEBUG: CONF /yocto/poky/meta-poky/conf/distro/poky.conf:101: including conf/distro/include/poky-world-exclude.inc
DEBUG: CONF /yocto/poky/meta-poky/conf/distro/poky.conf:102: including conf/distro/include/no-static-libs.inc
DEBUG: CONF /yocto/poky/meta-poky/conf/distro/poky.conf:103: including conf/distro/include/yocto-uninative.inc
DEBUG: CONF /yocto/poky/meta/conf/bitbake.conf:748: including conf/distro/defaultsetup.conf
DEBUG: CONF /yocto/poky/meta/conf/distro/defaultsetup.conf:1: including conf/distro/include/default-providers.inc
DEBUG: CONF /yocto/poky/meta/conf/distro/defaultsetup.conf:2: including conf/distro/include/default-versions.inc
DEBUG: CONF /yocto/poky/meta/conf/distro/defaultsetup.conf:3: including conf/distro/include/default-distrovars.inc
DEBUG: CONF /yocto/poky/meta/conf/distro/defaultsetup.conf:4: including conf/distro/include/world-broken.inc
DEBUG: CONF /yocto/poky/meta/conf/distro/defaultsetup.conf:7: including conf/distro/include/tcmode-default.inc
DEBUG: CONF /yocto/poky/meta/conf/distro/include/tcmode-default.inc:71: including conf/distro/include/as-needed.inc
DEBUG: CONF /yocto/poky/meta/conf/distro/defaultsetup.conf:10: including conf/distro/include/tclibc-glibc.inc
DEBUG: CONF /yocto/poky/meta/conf/distro/defaultsetup.conf:12: including conf/distro/include/uninative-flags.inc
DEBUG: CONF /yocto/poky/meta/conf/bitbake.conf:749: including conf/documentation.conf
DEBUG: CONF /yocto/poky/meta/conf/bitbake.conf:750: including conf/licenses.conf
DEBUG: CONF /yocto/poky/meta/conf/bitbake.conf:751: including conf/sanity.conf
DEBUG: Inheriting /yocto/poky/meta/classes/base.bbclass (from configuration INHERITs:0)
DEBUG: Inheriting /yocto/poky/meta/classes/patch.bbclass (from /yocto/poky/meta/classes/base.bbclass:4)
DEBUG: Inheriting /yocto/poky/meta/classes/terminal.bbclass (from /yocto/poky/meta/classes/patch.bbclass:11)
Entering server connection loop
DEBUG: Inheriting /yocto/poky/meta/classes/staging.bbclass (from /yocto/poky/meta/classes/base.bbclass:5)
DEBUG: Inheriting /yocto/poky/meta/classes/mirrors.bbclass (from /yocto/poky/meta/classes/base.bbclass:7)
DEBUG: Inheriting /yocto/poky/meta/classes/utils.bbclass (from /yocto/poky/meta/classes/base.bbclass:8)
DEBUG: Inheriting /yocto/poky/meta/classes/utility-tasks.bbclass (from /yocto/poky/meta/classes/base.bbclass:9)
DEBUG: Inheriting /yocto/poky/meta/classes/metadata_scm.bbclass (from /yocto/poky/meta/classes/base.bbclass:10)
DEBUG: Inheriting /yocto/poky/meta/classes/logging.bbclass (from /yocto/poky/meta/classes/base.bbclass:11)
DEBUG: Inheriting /yocto/poky/meta-poky/classes/poky-sanity.bbclass (from configuration INHERITs:0)
DEBUG: Inheriting /yocto/poky/meta/classes/uninative.bbclass (from configuration INHERITs:0)
DEBUG: Inheriting /yocto/poky/meta/classes/package_rpm.bbclass (from configuration INHERITs:0)
DEBUG: Inheriting /yocto/poky/meta/classes/package.bbclass (from /yocto/poky/meta/classes/package_rpm.bbclass:1)
DEBUG: Inheriting /yocto/poky/meta/classes/packagedata.bbclass (from /yocto/poky/meta/classes/package.bbclass:41)
DEBUG: Inheriting /yocto/poky/meta/classes/chrpath.bbclass (from /yocto/poky/meta/classes/package.bbclass:42)
DEBUG: Inheriting /yocto/poky/meta/classes/insane.bbclass (from /yocto/poky/meta/classes/package.bbclass:45)
DEBUG: Inheriting /yocto/poky/meta/classes/buildstats.bbclass (from configuration INHERITs:0)
DEBUG: Inheriting /yocto/poky/meta/classes/image-mklibs.bbclass (from configuration INHERITs:0)
DEBUG: Inheriting /yocto/poky/meta/classes/linuxloader.bbclass (from /yocto/poky/meta/classes/image-mklibs.bbclass:5)
DEBUG: Inheriting /yocto/poky/meta/classes/image-prelink.bbclass (from configuration INHERITs:0)
DEBUG: Inheriting /yocto/poky/meta/classes/debian.bbclass (from configuration INHERITs:0)
DEBUG: Inheriting /yocto/poky/meta/classes/devshell.bbclass (from configuration INHERITs:0)
DEBUG: Inheriting /yocto/poky/meta/classes/sstate.bbclass (from configuration INHERITs:0)
DEBUG: Inheriting /yocto/poky/meta/classes/license.bbclass (from configuration INHERITs:0)
DEBUG: Inheriting /yocto/poky/meta/classes/remove-libtool.bbclass (from configuration INHERITs:0)
DEBUG: Inheriting /yocto/poky/meta/classes/blacklist.bbclass (from configuration INHERITs:0)
DEBUG: Clearing SRCREV cache due to cache policy of: clear
DEBUG: Using cache in '/yocto/poky/build/cache/local_file_checksum_cache.dat'
DEBUG: Using cache in '/yocto/poky/build/cache/bb_codeparser.dat'
DEBUG: Enabling uninative
Accepting [<socket.socket fd=8, family=AddressFamily.AF_UNIX, type=SocketKind.SOCK_STREAM, proto=0, laddr=bitbake.sock>]
Connecting Client
Running command ['setFeatures', [2]]
Running command ['updateConfig', {'postfile': [], 'extra_assume_provided': [], 'dump_signatures': [], 'debug': 0, 'dry_run': False, 'debug_domains': [], 'server_timeout': None, 'verbose': False, 'abort': False, 'profile': False, 'invalidate_stamp': None, 'force': False, 'prefile': []}, {'HOME': '/root', 'LS_COLORS': 'rs=0:di=01;34:ln=01;36:mh=00:pi=40;33:so=01;35:do=01;35:bd=40;33;01:cd=40;33;01:or=40;31;01:su=37;41:sg=30;43:ca=30;41:tw=30;42:ow=34;42:st=37;44:ex=01;32:*.tar=01;31:*.tgz=01;31:*.arj=01;31:*.taz=01;31:*.lzh=01;31:*.lzma=01;31:*.tlz=01;31:*.txz=01;31:*.zip=01;31:*.z=01;31:*.Z=01;31:*.dz=01;31:*.gz=01;31:*.lz=01;31:*.xz=01;31:*.bz2=01;31:*.bz=01;31:*.tbz=01;31:*.tbz2=01;31:*.tz=01;31:*.deb=01;31:*.rpm=01;31:*.jar=01;31:*.war=01;31:*.ear=01;31:*.sar=01;31:*.rar=01;31:*.ace=01;31:*.zoo=01;31:*.cpio=01;31:*.7z=01;31:*.rz=01;31:*.jpg=01;35:*.jpeg=01;35:*.gif=01;35:*.bmp=01;35:*.pbm=01;35:*.pgm=01;35:*.ppm=01;35:*.tga=01;35:*.xbm=01;35:*.xpm=01;35:*.tif=01;35:*.tiff=01;35:*.png=01;35:*.svg=01;35:*.svgz=01;35:*.mng=01;35:*.pcx=01;35:*.mov=01;35:*.mpg=01;35:*.mpeg=01;35:*.m2v=01;35:*.mkv=01;35:*.webm=01;35:*.ogm=01;35:*.mp4=01;35:*.m4v=01;35:*.mp4v=01;35:*.vob=01;35:*.qt=01;35:*.nuv=01;35:*.wmv=01;35:*.asf=01;35:*.rm=01;35:*.rmvb=01;35:*.flc=01;35:*.avi=01;35:*.fli=01;35:*.flv=01;35:*.gl=01;35:*.dl=01;35:*.xcf=01;35:*.xwd=01;35:*.yuv=01;35:*.cgm=01;35:*.emf=01;35:*.axv=01;35:*.anx=01;35:*.ogv=01;35:*.ogx=01;35:*.aac=00;36:*.au=00;36:*.flac=00;36:*.mid=00;36:*.midi=00;36:*.mka=00;36:*.mp3=00;36:*.mpc=00;36:*.ogg=00;36:*.ra=00;36:*.wav=00;36:*.axa=00;36:*.oga=00;36:*.spx=00;36:*.xspf=00;36:', 'HOSTNAME': '2fa9e86b25f1', 'LC_ALL': 'en_US.UTF-8', 'PWD': '/yocto', 'BUILDDIR': '/yocto/poky/build', 'BB_ENV_EXTRAWHITE': 'ALL_PROXY BBPATH_EXTRA BB_NO_NETWORK BB_NUMBER_THREADS BB_SETSCENE_ENFORCE BB_SRCREV_POLICY DISTRO FTPS_PROXY FTP_PROXY GIT_PROXY_COMMAND HTTPS_PROXY HTTP_PROXY MACHINE NO_PROXY PARALLEL_MAKE SCREENDIR SDKMACHINE SOCKS5_PASSWD SOCKS5_USER SSH_AGENT_PID SSH_AUTH_SOCK STAMPS_DIR TCLIBC TCMODE all_proxy ftp_proxy ftps_proxy http_proxy https_proxy no_proxy ', 'TERM': 'xterm', 'LESSCLOSE': '/usr/bin/lesspipe %s %s', 'LESSOPEN': '| /usr/bin/lesspipe %s', 'SHLVL': '2', 'LANG': 'en_US.UTF-8', 'PATH': '/yocto/poky/scripts:/yocto/poky/bitbake/bin:/usr/local/sbin:/usr/local/bin:/usr/sbin:/usr/bin:/sbin:/bin', '_': '/yocto/poky/bitbake/bin/bitbake', 'BBPATH': '/yocto/poky/build', 'LANGUAGE': 'en_US.UTF-8'}, ['/yocto/poky/bitbake/bin/bitbake', '-k', 'core-image-minimal']]
Running command ['getVariable', 'BBINCLUDELOGS']
Running command ['getVariable', 'BBINCLUDELOGS_LINES']
Running command ['getSetVariable', 'BB_CONSOLELOG']
Running command ['getUIHandlerNum']
Running command ['setEventMask', 1, 20, {}, ['bb.runqueue.runQueueExitWait', 'bb.event.LogExecTTY', 'logging.LogRecord', 'bb.build.TaskFailed', 'bb.build.TaskBase', 'bb.event.ParseStarted', 'bb.event.ParseProgress', 'bb.event.ParseCompleted', 'bb.event.CacheLoadStarted', 'bb.event.CacheLoadProgress', 'bb.event.CacheLoadCompleted', 'bb.command.CommandFailed', 'bb.command.CommandExit', 'bb.command.CommandCompleted', 'bb.cooker.CookerExit', 'bb.event.MultipleProviders', 'bb.event.NoProvider', 'bb.runqueue.sceneQueueTaskStarted', 'bb.runqueue.runQueueTaskStarted', 'bb.runqueue.runQueueTaskFailed', 'bb.runqueue.sceneQueueTaskFailed', 'bb.event.BuildBase', 'bb.build.TaskStarted', 'bb.build.TaskSucceeded', 'bb.build.TaskFailedSilent', 'bb.build.TaskProgress', 'bb.event.ProcessStarted', 'bb.event.ProcessProgress', 'bb.event.ProcessFinished']]
Running command ['getVariable', 'BB_DEFAULT_TASK']
Running command ['setConfig', 'cmd', 'build']
Running command ['buildTargets', ['core-image-minimal'], 'build']
Running command ['stateShutdown']
Running command ['stateForceShutdown']
Dropping connection attempt as we have a UI [<socket.socket fd=8, family=AddressFamily.AF_UNIX, type=SocketKind.SOCK_STREAM, proto=0, laddr=bitbake.sock>, <socket.socket fd=14, family=AddressFamily.AF_UNIX, type=SocketKind.SOCK_STREAM, proto=0, laddr=bitbake.sock>, <bb.server.process.ConnectionReader object at 0x7f0acc2a17b8>]
Disconnecting Client
Process ProcessServer-1:
Traceback (most recent call last):
  File "/yocto/poky/bitbake/lib/bb/server/process.py", line 199, in main
    command = self.command_channel.get()
  File "/yocto/poky/bitbake/lib/bb/server/process.py", line 595, in get
    res = self.reader.recv_bytes()
  File "/usr/lib/python3.4/multiprocessing/connection.py", line 216, in recv_bytes
    buf = self._recv_bytes(maxlength)
  File "/usr/lib/python3.4/multiprocessing/connection.py", line 416, in _recv_bytes
    buf = self._recv(4)
  File "/usr/lib/python3.4/multiprocessing/connection.py", line 389, in _recv
    raise EOFError
EOFError

During handling of the above exception, another exception occurred:

Traceback (most recent call last):
  File "/usr/lib/python3.4/multiprocessing/process.py", line 254, in _bootstrap
    self.run()
  File "/yocto/poky/bitbake/lib/bb/server/process.py", line 123, in run
    ret = self.main()
  File "/yocto/poky/bitbake/lib/bb/server/process.py", line 203, in main
    disconnect_client(self, fds)
  File "/yocto/poky/bitbake/lib/bb/server/process.py", line 144, in disconnect_client
    fds.remove(self.controllersock)
ValueError: list.remove(x): x not in list
--- Starting bitbake server pid 10506 at 2018-03-21 21:44:36.386026 ---
Started bitbake server pid 10506
DEBUG: Found bblayers.conf (/yocto/poky/build/conf/bblayers.conf)
DEBUG: Adding layer /yocto/poky/meta
DEBUG: Adding layer /yocto/poky/meta-poky
DEBUG: Adding layer /yocto/poky/meta-yocto-bsp
DEBUG: CONF /yocto/poky/meta/conf/bitbake.conf:740: including conf/abi_version.conf
DEBUG: CONF /yocto/poky/meta/conf/bitbake.conf:741: including conf/site.conf
DEBUG: CONF file 'conf/site.conf' not found
DEBUG: CONF /yocto/poky/meta/conf/bitbake.conf:742: including conf/auto.conf
DEBUG: CONF file 'conf/auto.conf' not found
DEBUG: CONF /yocto/poky/meta/conf/bitbake.conf:743: including conf/local.conf
DEBUG: CONF /yocto/poky/meta/conf/bitbake.conf:744: including conf/multiconfig/default.conf
DEBUG: CONF /yocto/poky/meta/conf/bitbake.conf:745: including conf/machine/qemux86.conf
DEBUG: CONF /yocto/poky/meta/conf/machine/qemux86.conf:10: including conf/machine/include/qemu.inc
DEBUG: CONF /yocto/poky/meta/conf/machine/qemux86.conf:11: including conf/machine/include/tune-i586.inc
DEBUG: CONF /yocto/poky/meta/conf/machine/include/tune-i586.inc:3: including conf/machine/include/x86/arch-x86.inc
DEBUG: CONF /yocto/poky/meta/conf/machine/qemux86.conf:12: including conf/machine/include/qemuboot-x86.inc
DEBUG: CONF /yocto/poky/meta/conf/bitbake.conf:746: including conf/machine-sdk/x86_64.conf
DEBUG: CONF /yocto/poky/meta/conf/bitbake.conf:747: including conf/distro/poky.conf
DEBUG: CONF /yocto/poky/meta-poky/conf/distro/poky.conf:101: including conf/distro/include/poky-world-exclude.inc
DEBUG: CONF /yocto/poky/meta-poky/conf/distro/poky.conf:102: including conf/distro/include/no-static-libs.inc
DEBUG: CONF /yocto/poky/meta-poky/conf/distro/poky.conf:103: including conf/distro/include/yocto-uninative.inc
DEBUG: CONF /yocto/poky/meta/conf/bitbake.conf:748: including conf/distro/defaultsetup.conf
DEBUG: CONF /yocto/poky/meta/conf/distro/defaultsetup.conf:1: including conf/distro/include/default-providers.inc
DEBUG: CONF /yocto/poky/meta/conf/distro/defaultsetup.conf:2: including conf/distro/include/default-versions.inc
DEBUG: CONF /yocto/poky/meta/conf/distro/defaultsetup.conf:3: including conf/distro/include/default-distrovars.inc
DEBUG: CONF /yocto/poky/meta/conf/distro/defaultsetup.conf:4: including conf/distro/include/world-broken.inc
DEBUG: CONF /yocto/poky/meta/conf/distro/defaultsetup.conf:7: including conf/distro/include/tcmode-default.inc
DEBUG: CONF /yocto/poky/meta/conf/distro/include/tcmode-default.inc:71: including conf/distro/include/as-needed.inc
DEBUG: CONF /yocto/poky/meta/conf/distro/defaultsetup.conf:10: including conf/distro/include/tclibc-glibc.inc
DEBUG: CONF /yocto/poky/meta/conf/distro/defaultsetup.conf:12: including conf/distro/include/uninative-flags.inc
DEBUG: CONF /yocto/poky/meta/conf/bitbake.conf:749: including conf/documentation.conf
DEBUG: CONF /yocto/poky/meta/conf/bitbake.conf:750: including conf/licenses.conf
Entering server connection loop
DEBUG: CONF /yocto/poky/meta/conf/bitbake.conf:751: including conf/sanity.conf
DEBUG: Inheriting /yocto/poky/meta/classes/base.bbclass (from configuration INHERITs:0)
DEBUG: Inheriting /yocto/poky/meta/classes/patch.bbclass (from /yocto/poky/meta/classes/base.bbclass:4)
DEBUG: Inheriting /yocto/poky/meta/classes/terminal.bbclass (from /yocto/poky/meta/classes/patch.bbclass:11)
DEBUG: Inheriting /yocto/poky/meta/classes/staging.bbclass (from /yocto/poky/meta/classes/base.bbclass:5)
DEBUG: Inheriting /yocto/poky/meta/classes/mirrors.bbclass (from /yocto/poky/meta/classes/base.bbclass:7)
DEBUG: Inheriting /yocto/poky/meta/classes/utils.bbclass (from /yocto/poky/meta/classes/base.bbclass:8)
DEBUG: Inheriting /yocto/poky/meta/classes/utility-tasks.bbclass (from /yocto/poky/meta/classes/base.bbclass:9)
DEBUG: Inheriting /yocto/poky/meta/classes/metadata_scm.bbclass (from /yocto/poky/meta/classes/base.bbclass:10)
DEBUG: Inheriting /yocto/poky/meta/classes/logging.bbclass (from /yocto/poky/meta/classes/base.bbclass:11)
DEBUG: Inheriting /yocto/poky/meta-poky/classes/poky-sanity.bbclass (from configuration INHERITs:0)
DEBUG: Inheriting /yocto/poky/meta/classes/uninative.bbclass (from configuration INHERITs:0)
DEBUG: Inheriting /yocto/poky/meta/classes/package_rpm.bbclass (from configuration INHERITs:0)
DEBUG: Inheriting /yocto/poky/meta/classes/package.bbclass (from /yocto/poky/meta/classes/package_rpm.bbclass:1)
DEBUG: Inheriting /yocto/poky/meta/classes/packagedata.bbclass (from /yocto/poky/meta/classes/package.bbclass:41)
DEBUG: Inheriting /yocto/poky/meta/classes/chrpath.bbclass (from /yocto/poky/meta/classes/package.bbclass:42)
DEBUG: Inheriting /yocto/poky/meta/classes/insane.bbclass (from /yocto/poky/meta/classes/package.bbclass:45)
DEBUG: Inheriting /yocto/poky/meta/classes/buildstats.bbclass (from configuration INHERITs:0)
DEBUG: Inheriting /yocto/poky/meta/classes/image-mklibs.bbclass (from configuration INHERITs:0)
DEBUG: Inheriting /yocto/poky/meta/classes/linuxloader.bbclass (from /yocto/poky/meta/classes/image-mklibs.bbclass:5)
DEBUG: Inheriting /yocto/poky/meta/classes/image-prelink.bbclass (from configuration INHERITs:0)
DEBUG: Inheriting /yocto/poky/meta/classes/debian.bbclass (from configuration INHERITs:0)
DEBUG: Inheriting /yocto/poky/meta/classes/devshell.bbclass (from configuration INHERITs:0)
DEBUG: Inheriting /yocto/poky/meta/classes/sstate.bbclass (from configuration INHERITs:0)
DEBUG: Inheriting /yocto/poky/meta/classes/license.bbclass (from configuration INHERITs:0)
DEBUG: Inheriting /yocto/poky/meta/classes/remove-libtool.bbclass (from configuration INHERITs:0)
DEBUG: Inheriting /yocto/poky/meta/classes/blacklist.bbclass (from configuration INHERITs:0)
DEBUG: Clearing SRCREV cache due to cache policy of: clear
DEBUG: Using cache in '/yocto/poky/build/cache/local_file_checksum_cache.dat'
DEBUG: Using cache in '/yocto/poky/build/cache/bb_codeparser.dat'
DEBUG: Enabling uninative
Accepting [<socket.socket fd=8, family=AddressFamily.AF_UNIX, type=SocketKind.SOCK_STREAM, proto=0, laddr=bitbake.sock>]
Connecting Client
Running command ['setFeatures', [2]]
Running command ['updateConfig', {'abort': False, 'force': False, 'server_timeout': None, 'dry_run': False, 'invalidate_stamp': None, 'debug': 0, 'debug_domains': [], 'profile': False, 'prefile': [], 'postfile': [], 'verbose': False, 'dump_signatures': [], 'extra_assume_provided': []}, {'PWD': '/yocto', 'LS_COLORS': 'rs=0:di=01;34:ln=01;36:mh=00:pi=40;33:so=01;35:do=01;35:bd=40;33;01:cd=40;33;01:or=40;31;01:su=37;41:sg=30;43:ca=30;41:tw=30;42:ow=34;42:st=37;44:ex=01;32:*.tar=01;31:*.tgz=01;31:*.arj=01;31:*.taz=01;31:*.lzh=01;31:*.lzma=01;31:*.tlz=01;31:*.txz=01;31:*.zip=01;31:*.z=01;31:*.Z=01;31:*.dz=01;31:*.gz=01;31:*.lz=01;31:*.xz=01;31:*.bz2=01;31:*.bz=01;31:*.tbz=01;31:*.tbz2=01;31:*.tz=01;31:*.deb=01;31:*.rpm=01;31:*.jar=01;31:*.war=01;31:*.ear=01;31:*.sar=01;31:*.rar=01;31:*.ace=01;31:*.zoo=01;31:*.cpio=01;31:*.7z=01;31:*.rz=01;31:*.jpg=01;35:*.jpeg=01;35:*.gif=01;35:*.bmp=01;35:*.pbm=01;35:*.pgm=01;35:*.ppm=01;35:*.tga=01;35:*.xbm=01;35:*.xpm=01;35:*.tif=01;35:*.tiff=01;35:*.png=01;35:*.svg=01;35:*.svgz=01;35:*.mng=01;35:*.pcx=01;35:*.mov=01;35:*.mpg=01;35:*.mpeg=01;35:*.m2v=01;35:*.mkv=01;35:*.webm=01;35:*.ogm=01;35:*.mp4=01;35:*.m4v=01;35:*.mp4v=01;35:*.vob=01;35:*.qt=01;35:*.nuv=01;35:*.wmv=01;35:*.asf=01;35:*.rm=01;35:*.rmvb=01;35:*.flc=01;35:*.avi=01;35:*.fli=01;35:*.flv=01;35:*.gl=01;35:*.dl=01;35:*.xcf=01;35:*.xwd=01;35:*.yuv=01;35:*.cgm=01;35:*.emf=01;35:*.axv=01;35:*.anx=01;35:*.ogv=01;35:*.ogx=01;35:*.aac=00;36:*.au=00;36:*.flac=00;36:*.mid=00;36:*.midi=00;36:*.mka=00;36:*.mp3=00;36:*.mpc=00;36:*.ogg=00;36:*.ra=00;36:*.wav=00;36:*.axa=00;36:*.oga=00;36:*.spx=00;36:*.xspf=00;36:', 'PATH': '/yocto/poky/scripts:/yocto/poky/bitbake/bin:/usr/local/sbin:/usr/local/bin:/usr/sbin:/usr/bin:/sbin:/bin', 'BB_ENV_EXTRAWHITE': 'ALL_PROXY BBPATH_EXTRA BB_NO_NETWORK BB_NUMBER_THREADS BB_SETSCENE_ENFORCE BB_SRCREV_POLICY DISTRO FTPS_PROXY FTP_PROXY GIT_PROXY_COMMAND HTTPS_PROXY HTTP_PROXY MACHINE NO_PROXY PARALLEL_MAKE SCREENDIR SDKMACHINE SOCKS5_PASSWD SOCKS5_USER SSH_AGENT_PID SSH_AUTH_SOCK STAMPS_DIR TCLIBC TCMODE all_proxy ftp_proxy ftps_proxy http_proxy https_proxy no_proxy ', 'SHLVL': '2', 'BUILDDIR': '/yocto/poky/build', 'LANGUAGE': 'en_US.UTF-8', 'LC_ALL': 'en_US.UTF-8', 'TERM': 'xterm', 'BBPATH': '/yocto/poky/build', 'LANG': 'en_US.UTF-8', 'LESSOPEN': '| /usr/bin/lesspipe %s', 'LESSCLOSE': '/usr/bin/lesspipe %s %s', 'HOME': '/root', 'HOSTNAME': '2fa9e86b25f1', '_': '/yocto/poky/bitbake/bin/bitbake'}, ['/yocto/poky/bitbake/bin/bitbake', '-k', 'core-image-minimal']]
Running command ['getVariable', 'BBINCLUDELOGS']
Running command ['getVariable', 'BBINCLUDELOGS_LINES']
Running command ['getSetVariable', 'BB_CONSOLELOG']
Running command ['getUIHandlerNum']
Running command ['setEventMask', 1, 20, {}, ['bb.runqueue.runQueueExitWait', 'bb.event.LogExecTTY', 'logging.LogRecord', 'bb.build.TaskFailed', 'bb.build.TaskBase', 'bb.event.ParseStarted', 'bb.event.ParseProgress', 'bb.event.ParseCompleted', 'bb.event.CacheLoadStarted', 'bb.event.CacheLoadProgress', 'bb.event.CacheLoadCompleted', 'bb.command.CommandFailed', 'bb.command.CommandExit', 'bb.command.CommandCompleted', 'bb.cooker.CookerExit', 'bb.event.MultipleProviders', 'bb.event.NoProvider', 'bb.runqueue.sceneQueueTaskStarted', 'bb.runqueue.runQueueTaskStarted', 'bb.runqueue.runQueueTaskFailed', 'bb.runqueue.sceneQueueTaskFailed', 'bb.event.BuildBase', 'bb.build.TaskStarted', 'bb.build.TaskSucceeded', 'bb.build.TaskFailedSilent', 'bb.build.TaskProgress', 'bb.event.ProcessStarted', 'bb.event.ProcessProgress', 'bb.event.ProcessFinished']]
Running command ['getVariable', 'BB_DEFAULT_TASK']
Running command ['setConfig', 'cmd', 'build']
Running command ['buildTargets', ['core-image-minimal'], 'build']
Connecting Client
Disconnecting Client
No timeout, exiting.
Exiting
